<?xml version="1.0" encoding="UTF-8"?>
<testng-results skipped="0" failed="5" ignored="29" total="34" passed="0">
  <reporter-output>
  </reporter-output>
  <suite name="SIMROPSuite" duration-ms="108728" started-at="2019-07-19T15:50:42Z" finished-at="2019-07-19T15:52:30Z">
    <groups>
      <group name="Regression">
        <method signature="UserAccountCreation.navigateToUserAccountCreationTest()[pri:0, instance:CACTestCases.UserAccountCreation@cb5822]" name="navigateToUserAccountCreationTest" class="CACTestCases.UserAccountCreation"/>
        <method signature="VendorAccountCreation.assertVendorAccountCount()[pri:0, instance:CACTestCases.VendorAccountCreation@604ed9f0]" name="assertVendorAccountCount" class="CACTestCases.VendorAccountCreation"/>
        <method signature="VendorAccountCreation.navigateToVendorAccountCreation()[pri:0, instance:CACTestCases.VendorAccountCreation@604ed9f0]" name="navigateToVendorAccountCreation" class="CACTestCases.VendorAccountCreation"/>
      </group> <!-- Regression -->
    </groups>
    <test name="test1" duration-ms="83735" started-at="2019-07-19T15:50:42Z" finished-at="2019-07-19T15:52:05Z">
      <class name="CACTestCases.UserAccountCreation">
        <test-method status="PASS" signature="beforeClass(java.lang.String, java.lang.String, java.lang.String, java.lang.String, java.lang.String)[pri:0, instance:CACTestCases.UserAccountCreation@cb5822]" name="beforeClass" is-config="true" duration-ms="17536" started-at="2019-07-19T15:50:42Z" finished-at="2019-07-19T15:50:59Z">
          <params>
            <param index="0">
              <value>
                <![CDATA[StagingData]]>
              </value>
            </param>
            <param index="1">
              <value>
                <![CDATA[chrome]]>
              </value>
            </param>
            <param index="2">
              <value>
                <![CDATA[parallel.conf.json]]>
              </value>
            </param>
            <param index="3">
              <value>
                <![CDATA[chrome]]>
              </value>
            </param>
            <param index="4">
              <value>
                <![CDATA[remote-jenkins]]>
              </value>
            </param>
          </params>
          <reporter-output>
          </reporter-output>
        </test-method> <!-- beforeClass -->
        <test-method status="PASS" signature="register(java.lang.reflect.Method)[pri:0, instance:CACTestCases.UserAccountCreation@cb5822]" name="register" is-config="true" duration-ms="15" started-at="2019-07-19T15:50:59Z" description="fetch test cases name" finished-at="2019-07-19T15:50:59Z">
          <params>
            <param index="0">
              <value>
                <![CDATA[public void util.TestBase.Login(java.lang.String,java.lang.String) throws java.lang.Exception]]>
              </value>
            </param>
          </params>
          <reporter-output>
          </reporter-output>
        </test-method> <!-- register -->
        <test-method status="FAIL" signature="Login(java.lang.String, java.lang.String)[pri:0, instance:CACTestCases.UserAccountCreation@cb5822]" name="Login" duration-ms="1" started-at="2019-07-19T15:50:59Z" finished-at="2019-07-19T15:50:59Z">
          <params>
            <param index="0">
              <value>
                <![CDATA[StagingData]]>
              </value>
            </param>
            <param index="1">
              <value>
                <![CDATA[validLogin]]>
              </value>
            </param>
          </params>
          <exception class="java.io.FileNotFoundException">
            <message>
              <![CDATA[C:\Users\soli\git\atms\data.conf.json (The system cannot find the file specified)]]>
            </message>
            <full-stacktrace>
              <![CDATA[java.io.FileNotFoundException: C:\Users\soli\git\atms\data.conf.json (The system cannot find the file specified)
at java.io.FileInputStream.open0(Native Method)
at java.io.FileInputStream.open(FileInputStream.java:195)
at java.io.FileInputStream.<init>(FileInputStream.java:138)
at java.io.FileReader.<init>(FileReader.java:72)
at CACTestCases.SignIn.login(SignIn.java:31)
at util.TestBase.Login(TestBase.java:182)
at sun.reflect.NativeMethodAccessorImpl.invoke0(Native Method)
at sun.reflect.NativeMethodAccessorImpl.invoke(NativeMethodAccessorImpl.java:62)
at sun.reflect.DelegatingMethodAccessorImpl.invoke(DelegatingMethodAccessorImpl.java:43)
at java.lang.reflect.Method.invoke(Method.java:498)
at org.testng.internal.MethodInvocationHelper.invokeMethod(MethodInvocationHelper.java:124)
at org.testng.internal.Invoker.invokeMethod(Invoker.java:580)
at org.testng.internal.Invoker.invokeTestMethod(Invoker.java:716)
at org.testng.internal.Invoker.invokeTestMethods(Invoker.java:988)
at org.testng.internal.TestMethodWorker.invokeTestMethods(TestMethodWorker.java:125)
at org.testng.internal.TestMethodWorker.run(TestMethodWorker.java:109)
at org.testng.TestRunner.privateRun(TestRunner.java:648)
at org.testng.TestRunner.run(TestRunner.java:505)
at org.testng.SuiteRunner.runTest(SuiteRunner.java:455)
at org.testng.SuiteRunner.access$000(SuiteRunner.java:40)
at org.testng.SuiteRunner$SuiteWorker.run(SuiteRunner.java:489)
at org.testng.internal.thread.ThreadUtil$1.call(ThreadUtil.java:52)
at java.util.concurrent.FutureTask.run(FutureTask.java:266)
at java.util.concurrent.ThreadPoolExecutor.runWorker(ThreadPoolExecutor.java:1149)
at java.util.concurrent.ThreadPoolExecutor$Worker.run(ThreadPoolExecutor.java:624)
at java.lang.Thread.run(Thread.java:748)
]]>
            </full-stacktrace>
          </exception> <!-- java.io.FileNotFoundException -->
          <reporter-output>
          </reporter-output>
        </test-method> <!-- Login -->
        <test-method status="PASS" signature="captureStatus(org.testng.ITestResult)[pri:0, instance:CACTestCases.UserAccountCreation@cb5822]" name="captureStatus" is-config="true" duration-ms="1676" started-at="2019-07-19T15:50:59Z" description="to display the result after each test method" finished-at="2019-07-19T15:51:01Z">
          <params>
            <param index="0">
              <value>
                <![CDATA[[TestResult name=Login status=FAILURE method=TestBase.Login(java.lang.String, java.lang.String)[pri:0, instance:CACTestCases.UserAccountCreation@cb5822] output={null}]]]>
              </value>
            </param>
          </params>
          <reporter-output>
          </reporter-output>
        </test-method> <!-- captureStatus -->
        <test-method status="PASS" signature="register(java.lang.reflect.Method)[pri:0, instance:CACTestCases.UserAccountCreation@cb5822]" name="register" is-config="true" duration-ms="276" started-at="2019-07-19T15:51:01Z" description="fetch test cases name" finished-at="2019-07-19T15:51:01Z">
          <params>
            <param index="0">
              <value>
                <![CDATA[public void CACTestCases.UserAccountCreation.navigateToUserAccountCreationTest() throws java.lang.InterruptedException]]>
              </value>
            </param>
          </params>
          <reporter-output>
          </reporter-output>
        </test-method> <!-- register -->
        <test-method status="FAIL" signature="navigateToUserAccountCreationTest()[pri:0, instance:CACTestCases.UserAccountCreation@cb5822]" name="navigateToUserAccountCreationTest" duration-ms="61149" started-at="2019-07-19T15:51:01Z" finished-at="2019-07-19T15:52:02Z">
          <exception class="org.openqa.selenium.NoSuchElementException">
            <message>
              <![CDATA[no such element: Unable to locate element: {"method":"css selector","selector":"a[name="1732139999User Management"] > p"}
  (Session info: chrome=75.0.3770.100)
For documentation on this error, please visit: http://seleniumhq.org/exceptions/no_such_element.html
Build info: version: '3.11.0', revision: 'e59cfb3', time: '2018-03-11T20:26:55.152Z'
System info: host: 'seamfix-soli', ip: '192.168.86.2', os.name: 'Windows 10', os.arch: 'amd64', os.version: '10.0', java.version: '1.8.0_171'
Driver info: org.openqa.selenium.remote.RemoteWebDriver
Capabilities {acceptInsecureCerts: false, browserName: chrome, browserVersion: 75.0.3770.100, chrome: {chromedriverVersion: 75.0.3770.8 (681f24ea911fe7..., userDataDir: /tmp/.com.google.Chrome.gYOrVZ}, goog:chromeOptions: {debuggerAddress: localhost:33371}, javascriptEnabled: true, networkConnectionEnabled: false, pageLoadStrategy: normal, platform: LINUX, platformName: LINUX, proxy: Proxy(), setWindowRect: true, strictFileInteractability: false, timeouts: {implicit: 0, pageLoad: 300000, script: 30000}, unhandledPromptBehavior: dismiss and notify, webdriver.remote.sessionid: bdd78522beb52abcbea689f3426...}
Session ID: bdd78522beb52abcbea689f34267310d
*** Element info: {Using=css selector, value=a[name="1732139999User Management"] > p}]]>
            </message>
            <full-stacktrace>
              <![CDATA[org.openqa.selenium.NoSuchElementException: no such element: Unable to locate element: {"method":"css selector","selector":"a[name="1732139999User Management"] > p"}
  (Session info: chrome=75.0.3770.100)
For documentation on this error, please visit: http://seleniumhq.org/exceptions/no_such_element.html
Build info: version: '3.11.0', revision: 'e59cfb3', time: '2018-03-11T20:26:55.152Z'
System info: host: 'seamfix-soli', ip: '192.168.86.2', os.name: 'Windows 10', os.arch: 'amd64', os.version: '10.0', java.version: '1.8.0_171'
Driver info: org.openqa.selenium.remote.RemoteWebDriver
Capabilities {acceptInsecureCerts: false, browserName: chrome, browserVersion: 75.0.3770.100, chrome: {chromedriverVersion: 75.0.3770.8 (681f24ea911fe7..., userDataDir: /tmp/.com.google.Chrome.gYOrVZ}, goog:chromeOptions: {debuggerAddress: localhost:33371}, javascriptEnabled: true, networkConnectionEnabled: false, pageLoadStrategy: normal, platform: LINUX, platformName: LINUX, proxy: Proxy(), setWindowRect: true, strictFileInteractability: false, timeouts: {implicit: 0, pageLoad: 300000, script: 30000}, unhandledPromptBehavior: dismiss and notify, webdriver.remote.sessionid: bdd78522beb52abcbea689f3426...}
Session ID: bdd78522beb52abcbea689f34267310d
*** Element info: {Using=css selector, value=a[name="1732139999User Management"] > p}
at sun.reflect.NativeConstructorAccessorImpl.newInstance0(Native Method)
at sun.reflect.NativeConstructorAccessorImpl.newInstance(NativeConstructorAccessorImpl.java:62)
at sun.reflect.DelegatingConstructorAccessorImpl.newInstance(DelegatingConstructorAccessorImpl.java:45)
at java.lang.reflect.Constructor.newInstance(Constructor.java:423)
at org.openqa.selenium.remote.http.W3CHttpResponseCodec.createException(W3CHttpResponseCodec.java:187)
at org.openqa.selenium.remote.http.W3CHttpResponseCodec.decode(W3CHttpResponseCodec.java:122)
at org.openqa.selenium.remote.http.W3CHttpResponseCodec.decode(W3CHttpResponseCodec.java:49)
at org.openqa.selenium.remote.HttpCommandExecutor.execute(HttpCommandExecutor.java:158)
at org.openqa.selenium.remote.RemoteWebDriver.execute(RemoteWebDriver.java:545)
at org.openqa.selenium.remote.RemoteWebDriver.findElement(RemoteWebDriver.java:319)
at org.openqa.selenium.remote.RemoteWebDriver.findElementByCssSelector(RemoteWebDriver.java:413)
at org.openqa.selenium.By$ByCssSelector.findElement(By.java:430)
at org.openqa.selenium.remote.RemoteWebDriver.findElement(RemoteWebDriver.java:311)
at CACTestCases.UserAccountCreation.navigateToUserAccountCreationTest(UserAccountCreation.java:50)
at sun.reflect.NativeMethodAccessorImpl.invoke0(Native Method)
at sun.reflect.NativeMethodAccessorImpl.invoke(NativeMethodAccessorImpl.java:62)
at sun.reflect.DelegatingMethodAccessorImpl.invoke(DelegatingMethodAccessorImpl.java:43)
at java.lang.reflect.Method.invoke(Method.java:498)
at org.testng.internal.MethodInvocationHelper.invokeMethod(MethodInvocationHelper.java:124)
at org.testng.internal.Invoker.invokeMethod(Invoker.java:580)
at org.testng.internal.Invoker.invokeTestMethod(Invoker.java:716)
at org.testng.internal.Invoker.invokeTestMethods(Invoker.java:988)
at org.testng.internal.TestMethodWorker.invokeTestMethods(TestMethodWorker.java:125)
at org.testng.internal.TestMethodWorker.run(TestMethodWorker.java:109)
at org.testng.TestRunner.privateRun(TestRunner.java:648)
at org.testng.TestRunner.run(TestRunner.java:505)
at org.testng.SuiteRunner.runTest(SuiteRunner.java:455)
at org.testng.SuiteRunner.access$000(SuiteRunner.java:40)
at org.testng.SuiteRunner$SuiteWorker.run(SuiteRunner.java:489)
at org.testng.internal.thread.ThreadUtil$1.call(ThreadUtil.java:52)
at java.util.concurrent.FutureTask.run(FutureTask.java:266)
at java.util.concurrent.ThreadPoolExecutor.runWorker(ThreadPoolExecutor.java:1149)
at java.util.concurrent.ThreadPoolExecutor$Worker.run(ThreadPoolExecutor.java:624)
at java.lang.Thread.run(Thread.java:748)
]]>
            </full-stacktrace>
          </exception> <!-- org.openqa.selenium.NoSuchElementException -->
          <reporter-output>
          </reporter-output>
        </test-method> <!-- navigateToUserAccountCreationTest -->
        <test-method status="PASS" signature="captureStatus(org.testng.ITestResult)[pri:0, instance:CACTestCases.UserAccountCreation@cb5822]" name="captureStatus" is-config="true" duration-ms="2981" started-at="2019-07-19T15:52:02Z" description="to display the result after each test method" finished-at="2019-07-19T15:52:05Z">
          <params>
            <param index="0">
              <value>
                <![CDATA[[TestResult name=navigateToUserAccountCreationTest status=FAILURE method=UserAccountCreation.navigateToUserAccountCreationTest()[pri:0, instance:CACTestCases.UserAccountCreation@cb5822] output={null}]]]>
              </value>
            </param>
          </params>
          <reporter-output>
          </reporter-output>
        </test-method> <!-- captureStatus -->
        <test-method status="PASS" signature="afterClass()[pri:0, instance:CACTestCases.UserAccountCreation@cb5822]" name="afterClass" is-config="true" duration-ms="83" started-at="2019-07-19T15:52:05Z" finished-at="2019-07-19T15:52:05Z">
          <reporter-output>
          </reporter-output>
        </test-method> <!-- afterClass -->
      </class> <!-- CACTestCases.UserAccountCreation -->
    </test> <!-- test1 -->
    <test name="test2" duration-ms="108723" started-at="2019-07-19T15:50:42Z" finished-at="2019-07-19T15:52:30Z">
      <class name="CACTestCases.VendorAccountCreation">
        <test-method status="PASS" signature="setUp(java.lang.String, java.lang.String)[pri:0, instance:CACTestCases.VendorAccountCreation@604ed9f0]" name="setUp" is-config="true" duration-ms="346" started-at="2019-07-19T15:50:41Z" finished-at="2019-07-19T15:50:42Z">
          <params>
            <param index="0">
              <value>
                <![CDATA[/cacReport.html]]>
              </value>
            </param>
            <param index="1">
              <value>
                <![CDATA[StagingData]]>
              </value>
            </param>
          </params>
          <reporter-output>
          </reporter-output>
        </test-method> <!-- setUp -->
        <test-method status="PASS" signature="beforeClass(java.lang.String, java.lang.String, java.lang.String, java.lang.String, java.lang.String)[pri:0, instance:CACTestCases.VendorAccountCreation@604ed9f0]" name="beforeClass" is-config="true" duration-ms="9399" started-at="2019-07-19T15:50:42Z" finished-at="2019-07-19T15:50:51Z">
          <params>
            <param index="0">
              <value>
                <![CDATA[StagingData]]>
              </value>
            </param>
            <param index="1">
              <value>
                <![CDATA[chrome]]>
              </value>
            </param>
            <param index="2">
              <value>
                <![CDATA[parallel.conf.json]]>
              </value>
            </param>
            <param index="3">
              <value>
                <![CDATA[chrome]]>
              </value>
            </param>
            <param index="4">
              <value>
                <![CDATA[remote-jenkins]]>
              </value>
            </param>
          </params>
          <reporter-output>
          </reporter-output>
        </test-method> <!-- beforeClass -->
        <test-method status="PASS" signature="register(java.lang.reflect.Method)[pri:0, instance:CACTestCases.VendorAccountCreation@604ed9f0]" name="register" is-config="true" duration-ms="57" started-at="2019-07-19T15:50:51Z" description="fetch test cases name" finished-at="2019-07-19T15:50:51Z">
          <params>
            <param index="0">
              <value>
                <![CDATA[public void util.TestBase.Login(java.lang.String,java.lang.String) throws java.lang.Exception]]>
              </value>
            </param>
          </params>
          <reporter-output>
          </reporter-output>
        </test-method> <!-- register -->
        <test-method status="FAIL" signature="Login(java.lang.String, java.lang.String)[pri:0, instance:CACTestCases.VendorAccountCreation@604ed9f0]" name="Login" duration-ms="8" started-at="2019-07-19T15:50:51Z" finished-at="2019-07-19T15:50:51Z">
          <params>
            <param index="0">
              <value>
                <![CDATA[StagingData]]>
              </value>
            </param>
            <param index="1">
              <value>
                <![CDATA[validLogin]]>
              </value>
            </param>
          </params>
          <exception class="java.io.FileNotFoundException">
            <message>
              <![CDATA[C:\Users\soli\git\atms\data.conf.json (The system cannot find the file specified)]]>
            </message>
            <full-stacktrace>
              <![CDATA[java.io.FileNotFoundException: C:\Users\soli\git\atms\data.conf.json (The system cannot find the file specified)
at java.io.FileInputStream.open0(Native Method)
at java.io.FileInputStream.open(FileInputStream.java:195)
at java.io.FileInputStream.<init>(FileInputStream.java:138)
at java.io.FileReader.<init>(FileReader.java:72)
at CACTestCases.SignIn.login(SignIn.java:31)
at util.TestBase.Login(TestBase.java:182)
at sun.reflect.NativeMethodAccessorImpl.invoke0(Native Method)
at sun.reflect.NativeMethodAccessorImpl.invoke(NativeMethodAccessorImpl.java:62)
at sun.reflect.DelegatingMethodAccessorImpl.invoke(DelegatingMethodAccessorImpl.java:43)
at java.lang.reflect.Method.invoke(Method.java:498)
at org.testng.internal.MethodInvocationHelper.invokeMethod(MethodInvocationHelper.java:124)
at org.testng.internal.Invoker.invokeMethod(Invoker.java:580)
at org.testng.internal.Invoker.invokeTestMethod(Invoker.java:716)
at org.testng.internal.Invoker.invokeTestMethods(Invoker.java:988)
at org.testng.internal.TestMethodWorker.invokeTestMethods(TestMethodWorker.java:125)
at org.testng.internal.TestMethodWorker.run(TestMethodWorker.java:109)
at org.testng.TestRunner.privateRun(TestRunner.java:648)
at org.testng.TestRunner.run(TestRunner.java:505)
at org.testng.SuiteRunner.runTest(SuiteRunner.java:455)
at org.testng.SuiteRunner.access$000(SuiteRunner.java:40)
at org.testng.SuiteRunner$SuiteWorker.run(SuiteRunner.java:489)
at org.testng.internal.thread.ThreadUtil$1.call(ThreadUtil.java:52)
at java.util.concurrent.FutureTask.run(FutureTask.java:266)
at java.util.concurrent.ThreadPoolExecutor.runWorker(ThreadPoolExecutor.java:1149)
at java.util.concurrent.ThreadPoolExecutor$Worker.run(ThreadPoolExecutor.java:624)
at java.lang.Thread.run(Thread.java:748)
]]>
            </full-stacktrace>
          </exception> <!-- java.io.FileNotFoundException -->
          <reporter-output>
          </reporter-output>
        </test-method> <!-- Login -->
        <test-method status="PASS" signature="captureStatus(org.testng.ITestResult)[pri:0, instance:CACTestCases.VendorAccountCreation@604ed9f0]" name="captureStatus" is-config="true" duration-ms="2056" started-at="2019-07-19T15:50:51Z" description="to display the result after each test method" finished-at="2019-07-19T15:50:53Z">
          <params>
            <param index="0">
              <value>
                <![CDATA[[TestResult name=Login status=FAILURE method=TestBase.Login(java.lang.String, java.lang.String)[pri:0, instance:CACTestCases.VendorAccountCreation@604ed9f0] output={null}]]]>
              </value>
            </param>
          </params>
          <reporter-output>
          </reporter-output>
        </test-method> <!-- captureStatus -->
        <test-method status="PASS" signature="register(java.lang.reflect.Method)[pri:0, instance:CACTestCases.VendorAccountCreation@604ed9f0]" name="register" is-config="true" duration-ms="974" started-at="2019-07-19T15:50:53Z" description="fetch test cases name" finished-at="2019-07-19T15:50:54Z">
          <params>
            <param index="0">
              <value>
                <![CDATA[public static void CACTestCases.VendorAccountCreation.navigateToVendorAccountCreation() throws java.lang.InterruptedException]]>
              </value>
            </param>
          </params>
          <reporter-output>
          </reporter-output>
        </test-method> <!-- register -->
        <test-method status="FAIL" signature="navigateToVendorAccountCreation()[pri:0, instance:CACTestCases.VendorAccountCreation@604ed9f0]" name="navigateToVendorAccountCreation" duration-ms="61153" started-at="2019-07-19T15:50:54Z" finished-at="2019-07-19T15:51:55Z">
          <exception class="org.openqa.selenium.NoSuchElementException">
            <message>
              <![CDATA[no such element: Unable to locate element: {"method":"css selector","selector":"a[name="1732139999User Management"] > p"}
  (Session info: chrome=75.0.3770.100)
For documentation on this error, please visit: http://seleniumhq.org/exceptions/no_such_element.html
Build info: version: '3.11.0', revision: 'e59cfb3', time: '2018-03-11T20:26:55.152Z'
System info: host: 'seamfix-soli', ip: '192.168.86.2', os.name: 'Windows 10', os.arch: 'amd64', os.version: '10.0', java.version: '1.8.0_171'
Driver info: org.openqa.selenium.remote.RemoteWebDriver
Capabilities {acceptInsecureCerts: false, browserName: chrome, browserVersion: 75.0.3770.100, chrome: {chromedriverVersion: 75.0.3770.8 (681f24ea911fe7..., userDataDir: /tmp/.com.google.Chrome.SVPsVI}, goog:chromeOptions: {debuggerAddress: localhost:46651}, javascriptEnabled: true, networkConnectionEnabled: false, pageLoadStrategy: normal, platform: LINUX, platformName: LINUX, proxy: Proxy(), setWindowRect: true, strictFileInteractability: false, timeouts: {implicit: 0, pageLoad: 300000, script: 30000}, unhandledPromptBehavior: dismiss and notify, webdriver.remote.sessionid: a06ddbb562455c418bb7184e0cb...}
Session ID: a06ddbb562455c418bb7184e0cb072ea
*** Element info: {Using=css selector, value=a[name="1732139999User Management"] > p}]]>
            </message>
            <full-stacktrace>
              <![CDATA[org.openqa.selenium.NoSuchElementException: no such element: Unable to locate element: {"method":"css selector","selector":"a[name="1732139999User Management"] > p"}
  (Session info: chrome=75.0.3770.100)
For documentation on this error, please visit: http://seleniumhq.org/exceptions/no_such_element.html
Build info: version: '3.11.0', revision: 'e59cfb3', time: '2018-03-11T20:26:55.152Z'
System info: host: 'seamfix-soli', ip: '192.168.86.2', os.name: 'Windows 10', os.arch: 'amd64', os.version: '10.0', java.version: '1.8.0_171'
Driver info: org.openqa.selenium.remote.RemoteWebDriver
Capabilities {acceptInsecureCerts: false, browserName: chrome, browserVersion: 75.0.3770.100, chrome: {chromedriverVersion: 75.0.3770.8 (681f24ea911fe7..., userDataDir: /tmp/.com.google.Chrome.SVPsVI}, goog:chromeOptions: {debuggerAddress: localhost:46651}, javascriptEnabled: true, networkConnectionEnabled: false, pageLoadStrategy: normal, platform: LINUX, platformName: LINUX, proxy: Proxy(), setWindowRect: true, strictFileInteractability: false, timeouts: {implicit: 0, pageLoad: 300000, script: 30000}, unhandledPromptBehavior: dismiss and notify, webdriver.remote.sessionid: a06ddbb562455c418bb7184e0cb...}
Session ID: a06ddbb562455c418bb7184e0cb072ea
*** Element info: {Using=css selector, value=a[name="1732139999User Management"] > p}
at sun.reflect.NativeConstructorAccessorImpl.newInstance0(Native Method)
at sun.reflect.NativeConstructorAccessorImpl.newInstance(NativeConstructorAccessorImpl.java:62)
at sun.reflect.DelegatingConstructorAccessorImpl.newInstance(DelegatingConstructorAccessorImpl.java:45)
at java.lang.reflect.Constructor.newInstance(Constructor.java:423)
at org.openqa.selenium.remote.http.W3CHttpResponseCodec.createException(W3CHttpResponseCodec.java:187)
at org.openqa.selenium.remote.http.W3CHttpResponseCodec.decode(W3CHttpResponseCodec.java:122)
at org.openqa.selenium.remote.http.W3CHttpResponseCodec.decode(W3CHttpResponseCodec.java:49)
at org.openqa.selenium.remote.HttpCommandExecutor.execute(HttpCommandExecutor.java:158)
at org.openqa.selenium.remote.RemoteWebDriver.execute(RemoteWebDriver.java:545)
at org.openqa.selenium.remote.RemoteWebDriver.findElement(RemoteWebDriver.java:319)
at org.openqa.selenium.remote.RemoteWebDriver.findElementByCssSelector(RemoteWebDriver.java:413)
at org.openqa.selenium.By$ByCssSelector.findElement(By.java:430)
at org.openqa.selenium.remote.RemoteWebDriver.findElement(RemoteWebDriver.java:311)
at CACTestCases.VendorAccountCreation.navigateToVendorAccountCreation(VendorAccountCreation.java:50)
at sun.reflect.NativeMethodAccessorImpl.invoke0(Native Method)
at sun.reflect.NativeMethodAccessorImpl.invoke(NativeMethodAccessorImpl.java:62)
at sun.reflect.DelegatingMethodAccessorImpl.invoke(DelegatingMethodAccessorImpl.java:43)
at java.lang.reflect.Method.invoke(Method.java:498)
at org.testng.internal.MethodInvocationHelper.invokeMethod(MethodInvocationHelper.java:124)
at org.testng.internal.Invoker.invokeMethod(Invoker.java:580)
at org.testng.internal.Invoker.invokeTestMethod(Invoker.java:716)
at org.testng.internal.Invoker.invokeTestMethods(Invoker.java:988)
at org.testng.internal.TestMethodWorker.invokeTestMethods(TestMethodWorker.java:125)
at org.testng.internal.TestMethodWorker.run(TestMethodWorker.java:109)
at org.testng.TestRunner.privateRun(TestRunner.java:648)
at org.testng.TestRunner.run(TestRunner.java:505)
at org.testng.SuiteRunner.runTest(SuiteRunner.java:455)
at org.testng.SuiteRunner.access$000(SuiteRunner.java:40)
at org.testng.SuiteRunner$SuiteWorker.run(SuiteRunner.java:489)
at org.testng.internal.thread.ThreadUtil$1.call(ThreadUtil.java:52)
at java.util.concurrent.FutureTask.run(FutureTask.java:266)
at java.util.concurrent.ThreadPoolExecutor.runWorker(ThreadPoolExecutor.java:1149)
at java.util.concurrent.ThreadPoolExecutor$Worker.run(ThreadPoolExecutor.java:624)
at java.lang.Thread.run(Thread.java:748)
]]>
            </full-stacktrace>
          </exception> <!-- org.openqa.selenium.NoSuchElementException -->
          <reporter-output>
          </reporter-output>
        </test-method> <!-- navigateToVendorAccountCreation -->
        <test-method status="PASS" signature="captureStatus(org.testng.ITestResult)[pri:0, instance:CACTestCases.VendorAccountCreation@604ed9f0]" name="captureStatus" is-config="true" duration-ms="1483" started-at="2019-07-19T15:51:55Z" description="to display the result after each test method" finished-at="2019-07-19T15:51:57Z">
          <params>
            <param index="0">
              <value>
                <![CDATA[[TestResult name=navigateToVendorAccountCreation status=FAILURE method=VendorAccountCreation.navigateToVendorAccountCreation()[pri:0, instance:CACTestCases.VendorAccountCreation@604ed9f0] output={null}]]]>
              </value>
            </param>
          </params>
          <reporter-output>
          </reporter-output>
        </test-method> <!-- captureStatus -->
        <test-method status="PASS" signature="register(java.lang.reflect.Method)[pri:0, instance:CACTestCases.VendorAccountCreation@604ed9f0]" name="register" is-config="true" duration-ms="1849" started-at="2019-07-19T15:51:57Z" description="fetch test cases name" finished-at="2019-07-19T15:51:59Z">
          <params>
            <param index="0">
              <value>
                <![CDATA[public void CACTestCases.VendorAccountCreation.assertVendorAccountCount() throws java.lang.InterruptedException]]>
              </value>
            </param>
          </params>
          <reporter-output>
          </reporter-output>
        </test-method> <!-- register -->
        <test-method status="FAIL" signature="assertVendorAccountCount()[pri:0, instance:CACTestCases.VendorAccountCreation@604ed9f0]" name="assertVendorAccountCount" duration-ms="30091" started-at="2019-07-19T15:51:59Z" finished-at="2019-07-19T15:52:29Z">
          <exception class="org.openqa.selenium.TimeoutException">
            <message>
              <![CDATA[Expected condition failed: waiting for visibility of element located by By.id: total_dealers (tried for 30 second(s) with 500 milliseconds interval)]]>
            </message>
            <full-stacktrace>
              <![CDATA[org.openqa.selenium.TimeoutException: Expected condition failed: waiting for visibility of element located by By.id: total_dealers (tried for 30 second(s) with 500 milliseconds interval)
at org.openqa.selenium.support.ui.WebDriverWait.timeoutException(WebDriverWait.java:81)
at org.openqa.selenium.support.ui.FluentWait.until(FluentWait.java:271)
at CACTestCases.VendorAccountCreation.assertVendorAccountCount(VendorAccountCreation.java:72)
at sun.reflect.NativeMethodAccessorImpl.invoke0(Native Method)
at sun.reflect.NativeMethodAccessorImpl.invoke(NativeMethodAccessorImpl.java:62)
at sun.reflect.DelegatingMethodAccessorImpl.invoke(DelegatingMethodAccessorImpl.java:43)
at java.lang.reflect.Method.invoke(Method.java:498)
at org.testng.internal.MethodInvocationHelper.invokeMethod(MethodInvocationHelper.java:124)
at org.testng.internal.Invoker.invokeMethod(Invoker.java:580)
at org.testng.internal.Invoker.invokeTestMethod(Invoker.java:716)
at org.testng.internal.Invoker.invokeTestMethods(Invoker.java:988)
at org.testng.internal.TestMethodWorker.invokeTestMethods(TestMethodWorker.java:125)
at org.testng.internal.TestMethodWorker.run(TestMethodWorker.java:109)
at org.testng.TestRunner.privateRun(TestRunner.java:648)
at org.testng.TestRunner.run(TestRunner.java:505)
at org.testng.SuiteRunner.runTest(SuiteRunner.java:455)
at org.testng.SuiteRunner.access$000(SuiteRunner.java:40)
at org.testng.SuiteRunner$SuiteWorker.run(SuiteRunner.java:489)
at org.testng.internal.thread.ThreadUtil$1.call(ThreadUtil.java:52)
at java.util.concurrent.FutureTask.run(FutureTask.java:266)
at java.util.concurrent.ThreadPoolExecutor.runWorker(ThreadPoolExecutor.java:1149)
at java.util.concurrent.ThreadPoolExecutor$Worker.run(ThreadPoolExecutor.java:624)
at java.lang.Thread.run(Thread.java:748)
Caused by: org.openqa.selenium.NoSuchElementException: Cannot locate an element using By.id: total_dealers
For documentation on this error, please visit: http://seleniumhq.org/exceptions/no_such_element.html
Build info: version: '3.11.0', revision: 'e59cfb3', time: '2018-03-11T20:26:55.152Z'
System info: host: 'seamfix-soli', ip: '192.168.86.2', os.name: 'Windows 10', os.arch: 'amd64', os.version: '10.0', java.version: '1.8.0_171'
Driver info: driver.version: unknown
at org.openqa.selenium.support.ui.ExpectedConditions.lambda$findElement$0(ExpectedConditions.java:896)
at java.util.Optional.orElseThrow(Optional.java:290)
at org.openqa.selenium.support.ui.ExpectedConditions.findElement(ExpectedConditions.java:895)
at org.openqa.selenium.support.ui.ExpectedConditions.access$000(ExpectedConditions.java:44)
at org.openqa.selenium.support.ui.ExpectedConditions$7.apply(ExpectedConditions.java:206)
at org.openqa.selenium.support.ui.ExpectedConditions$7.apply(ExpectedConditions.java:202)
at org.openqa.selenium.support.ui.FluentWait.until(FluentWait.java:248)
... 21 more
]]>
            </full-stacktrace>
          </exception> <!-- org.openqa.selenium.TimeoutException -->
          <reporter-output>
          </reporter-output>
        </test-method> <!-- assertVendorAccountCount -->
        <test-method status="PASS" signature="captureStatus(org.testng.ITestResult)[pri:0, instance:CACTestCases.VendorAccountCreation@604ed9f0]" name="captureStatus" is-config="true" duration-ms="1553" started-at="2019-07-19T15:52:29Z" description="to display the result after each test method" finished-at="2019-07-19T15:52:30Z">
          <params>
            <param index="0">
              <value>
                <![CDATA[[TestResult name=assertVendorAccountCount status=FAILURE method=VendorAccountCreation.assertVendorAccountCount()[pri:0, instance:CACTestCases.VendorAccountCreation@604ed9f0] output={null}]]]>
              </value>
            </param>
          </params>
          <reporter-output>
          </reporter-output>
        </test-method> <!-- captureStatus -->
        <test-method status="PASS" signature="afterClass()[pri:0, instance:CACTestCases.VendorAccountCreation@604ed9f0]" name="afterClass" is-config="true" duration-ms="69" started-at="2019-07-19T15:52:30Z" finished-at="2019-07-19T15:52:30Z">
          <reporter-output>
          </reporter-output>
        </test-method> <!-- afterClass -->
        <test-method status="PASS" signature="cleanup(java.lang.String, java.lang.String)[pri:0, instance:CACTestCases.VendorAccountCreation@604ed9f0]" name="cleanup" is-config="true" duration-ms="85614" started-at="2019-07-19T15:52:31Z" description="clean up report after test suite" finished-at="2019-07-19T15:53:56Z">
          <params>
            <param index="0">
              <value>
                <![CDATA[soli@seamfix.com]]>
              </value>
            </param>
            <param index="1">
              <value>
                <![CDATA[/cacReport.html]]>
              </value>
            </param>
          </params>
          <reporter-output>
          </reporter-output>
        </test-method> <!-- cleanup -->
      </class> <!-- CACTestCases.VendorAccountCreation -->
    </test> <!-- test2 -->
  </suite> <!-- SIMROPSuite -->
</testng-results>
