<?xml version="1.0" encoding="UTF-8"?>
<!-- Generated by org.testng.reporters.JUnitXMLReporter -->
<testsuite hostname="seamfix-soli" ignored="13" name="test2" tests="3" failures="3" timestamp="19 Jul 2019 15:52:30 GMT" time="108.723" errors="0">
  <testcase name="Login" time="0.008" classname="util.TestBase">
    <failure type="java.io.FileNotFoundException" message="C:\Users\soli\git\atms\data.conf.json (The system cannot find the file specified)">
      <![CDATA[java.io.FileNotFoundException: C:\Users\soli\git\atms\data.conf.json (The system cannot find the file specified)
at java.io.FileInputStream.open0(Native Method)
at java.io.FileInputStream.open(FileInputStream.java:195)
at java.io.FileInputStream.<init>(FileInputStream.java:138)
at java.io.FileReader.<init>(FileReader.java:72)
at CACTestCases.SignIn.login(SignIn.java:31)
at util.TestBase.Login(TestBase.java:182)
at java.util.concurrent.FutureTask.run(FutureTask.java:266)
at java.util.concurrent.ThreadPoolExecutor.runWorker(ThreadPoolExecutor.java:1149)
at java.util.concurrent.ThreadPoolExecutor$Worker.run(ThreadPoolExecutor.java:624)
at java.lang.Thread.run(Thread.java:748)
... Removed 16 stack frames]]>
    </failure>
  </testcase> <!-- Login -->
  <testcase name="navigateToVendorAccountCreation" time="61.153" classname="CACTestCases.VendorAccountCreation">
    <failure type="org.openqa.selenium.NoSuchElementException" message="no such element: Unable to locate element: {&amp;quot;method&amp;quot;:&amp;quot;css selector&amp;quot;,&amp;quot;selector&amp;quot;:&amp;quot;a[name=&amp;quot;1732139999User Management&amp;quot;] &amp;gt; p&amp;quot;}
  (Session info: chrome=75.0.3770.100)
For documentation on this error, please visit: http://seleniumhq.org/exceptions/no_such_element.html
Build info: version: &amp;apos;3.11.0&amp;apos;, revision: &amp;apos;e59cfb3&amp;apos;, time: &amp;apos;2018-03-11T20:26:55.152Z&amp;apos;
System info: host: &amp;apos;seamfix-soli&amp;apos;, ip: &amp;apos;192.168.86.2&amp;apos;, os.name: &amp;apos;Windows 10&amp;apos;, os.arch: &amp;apos;amd64&amp;apos;, os.version: &amp;apos;10.0&amp;apos;, java.version: &amp;apos;1.8.0_171&amp;apos;
Driver info: org.openqa.selenium.remote.RemoteWebDriver
Capabilities {acceptInsecureCerts: false, browserName: chrome, browserVersion: 75.0.3770.100, chrome: {chromedriverVersion: 75.0.3770.8 (681f24ea911fe7..., userDataDir: /tmp/.com.google.Chrome.SVPsVI}, goog:chromeOptions: {debuggerAddress: localhost:46651}, javascriptEnabled: true, networkConnectionEnabled: false, pageLoadStrategy: normal, platform: LINUX, platformName: LINUX, proxy: Proxy(), setWindowRect: true, strictFileInteractability: false, timeouts: {implicit: 0, pageLoad: 300000, script: 30000}, unhandledPromptBehavior: dismiss and notify, webdriver.remote.sessionid: a06ddbb562455c418bb7184e0cb...}
Session ID: a06ddbb562455c418bb7184e0cb072ea
*** Element info: {Using=css selector, value=a[name=&amp;quot;1732139999User Management&amp;quot;] &amp;gt; p}">
      <![CDATA[org.openqa.selenium.NoSuchElementException: no such element: Unable to locate element: {"method":"css selector","selector":"a[name="1732139999User Management"] > p"}
  (Session info: chrome=75.0.3770.100)
For documentation on this error, please visit: http://seleniumhq.org/exceptions/no_such_element.html
Build info: version: '3.11.0', revision: 'e59cfb3', time: '2018-03-11T20:26:55.152Z'
System info: host: 'seamfix-soli', ip: '192.168.86.2', os.name: 'Windows 10', os.arch: 'amd64', os.version: '10.0', java.version: '1.8.0_171'
Driver info: org.openqa.selenium.remote.RemoteWebDriver
Capabilities {acceptInsecureCerts: false, browserName: chrome, browserVersion: 75.0.3770.100, chrome: {chromedriverVersion: 75.0.3770.8 (681f24ea911fe7..., userDataDir: /tmp/.com.google.Chrome.SVPsVI}, goog:chromeOptions: {debuggerAddress: localhost:46651}, javascriptEnabled: true, networkConnectionEnabled: false, pageLoadStrategy: normal, platform: LINUX, platformName: LINUX, proxy: Proxy(), setWindowRect: true, strictFileInteractability: false, timeouts: {implicit: 0, pageLoad: 300000, script: 30000}, unhandledPromptBehavior: dismiss and notify, webdriver.remote.sessionid: a06ddbb562455c418bb7184e0cb...}
Session ID: a06ddbb562455c418bb7184e0cb072ea
*** Element info: {Using=css selector, value=a[name="1732139999User Management"] > p}
at org.openqa.selenium.remote.http.W3CHttpResponseCodec.createException(W3CHttpResponseCodec.java:187)
at org.openqa.selenium.remote.http.W3CHttpResponseCodec.decode(W3CHttpResponseCodec.java:122)
at org.openqa.selenium.remote.http.W3CHttpResponseCodec.decode(W3CHttpResponseCodec.java:49)
at org.openqa.selenium.remote.HttpCommandExecutor.execute(HttpCommandExecutor.java:158)
at org.openqa.selenium.remote.RemoteWebDriver.execute(RemoteWebDriver.java:545)
at org.openqa.selenium.remote.RemoteWebDriver.findElement(RemoteWebDriver.java:319)
at org.openqa.selenium.remote.RemoteWebDriver.findElementByCssSelector(RemoteWebDriver.java:413)
at org.openqa.selenium.By$ByCssSelector.findElement(By.java:430)
at org.openqa.selenium.remote.RemoteWebDriver.findElement(RemoteWebDriver.java:311)
at CACTestCases.VendorAccountCreation.navigateToVendorAccountCreation(VendorAccountCreation.java:50)
at java.util.concurrent.FutureTask.run(FutureTask.java:266)
at java.util.concurrent.ThreadPoolExecutor.runWorker(ThreadPoolExecutor.java:1149)
at java.util.concurrent.ThreadPoolExecutor$Worker.run(ThreadPoolExecutor.java:624)
at java.lang.Thread.run(Thread.java:748)
... Removed 20 stack frames]]>
    </failure>
  </testcase> <!-- navigateToVendorAccountCreation -->
  <testcase name="assertVendorAccountCount" time="30.091" classname="CACTestCases.VendorAccountCreation">
    <failure type="org.openqa.selenium.TimeoutException" message="Expected condition failed: waiting for visibility of element located by By.id: total_dealers (tried for 30 second(s) with 500 milliseconds interval)">
      <![CDATA[org.openqa.selenium.TimeoutException: Expected condition failed: waiting for visibility of element located by By.id: total_dealers (tried for 30 second(s) with 500 milliseconds interval)
at org.openqa.selenium.support.ui.WebDriverWait.timeoutException(WebDriverWait.java:81)
at org.openqa.selenium.support.ui.FluentWait.until(FluentWait.java:271)
at CACTestCases.VendorAccountCreation.assertVendorAccountCount(VendorAccountCreation.java:72)
at java.util.concurrent.FutureTask.run(FutureTask.java:266)
at java.util.concurrent.ThreadPoolExecutor.runWorker(ThreadPoolExecutor.java:1149)
at java.util.concurrent.ThreadPoolExecutor$Worker.run(ThreadPoolExecutor.java:624)
at java.lang.Thread.run(Thread.java:748)
Caused by: org.openqa.selenium.NoSuchElementException: Cannot locate an element using By.id: total_dealers
For documentation on this error, please visit: http://seleniumhq.org/exceptions/no_such_element.html
Build info: version: '3.11.0', revision: 'e59cfb3', time: '2018-03-11T20:26:55.152Z'
System info: host: 'seamfix-soli', ip: '192.168.86.2', os.name: 'Windows 10', os.arch: 'amd64', os.version: '10.0', java.version: '1.8.0_171'
Driver info: driver.version: unknown
at org.openqa.selenium.support.ui.ExpectedConditions.lambda$findElement$0(ExpectedConditions.java:896)
at java.util.Optional.orElseThrow(Optional.java:290)
at org.openqa.selenium.support.ui.ExpectedConditions.findElement(ExpectedConditions.java:895)
at org.openqa.selenium.support.ui.ExpectedConditions.access$000(ExpectedConditions.java:44)
at org.openqa.selenium.support.ui.ExpectedConditions$7.apply(ExpectedConditions.java:206)
at org.openqa.selenium.support.ui.ExpectedConditions$7.apply(ExpectedConditions.java:202)
at org.openqa.selenium.support.ui.FluentWait.until(FluentWait.java:248)
... 21 more
... Removed 16 stack frames]]>
    </failure>
  </testcase> <!-- assertVendorAccountCount -->
  <testcase name="searchByNameResetPassword" time="0.0" classname="CACTestCases.VendorAccountCreation">
    <ignored/>
  </testcase> <!-- searchByNameResetPassword -->
  <testcase name="deactivateVendor" time="0.0" classname="CACTestCases.VendorAccountCreation">
    <ignored/>
  </testcase> <!-- deactivateVendor -->
  <testcase name="searchNewCreatedVendorByPhoneTest" time="0.0" classname="CACTestCases.VendorAccountCreation">
    <ignored/>
  </testcase> <!-- searchNewCreatedVendorByPhoneTest -->
  <testcase name="searchByStatusTest" time="0.0" classname="CACTestCases.VendorAccountCreation">
    <ignored/>
  </testcase> <!-- searchByStatusTest -->
  <testcase name="searchByPhoneTest" time="0.0" classname="CACTestCases.VendorAccountCreation">
    <ignored/>
  </testcase> <!-- searchByPhoneTest -->
  <testcase name="viewDetailsUpdateDetailsTest" time="0.0" classname="CACTestCases.VendorAccountCreation">
    <ignored/>
  </testcase> <!-- viewDetailsUpdateDetailsTest -->
  <testcase name="addNewVendorTest" time="0.0" classname="CACTestCases.VendorAccountCreation">
    <ignored/>
  </testcase> <!-- addNewVendorTest -->
  <testcase name="addNewVendorFormValidationTest" time="0.0" classname="CACTestCases.VendorAccountCreation">
    <ignored/>
  </testcase> <!-- addNewVendorFormValidationTest -->
  <testcase name="deactivateHistory" time="0.0" classname="CACTestCases.VendorAccountCreation">
    <ignored/>
  </testcase> <!-- deactivateHistory -->
  <testcase name="searchByEmailTest" time="0.0" classname="CACTestCases.VendorAccountCreation">
    <ignored/>
  </testcase> <!-- searchByEmailTest -->
  <testcase name="activateHistory" time="0.0" classname="CACTestCases.VendorAccountCreation">
    <ignored/>
  </testcase> <!-- activateHistory -->
  <testcase name="viewVendorActivationHistory" time="0.0" classname="CACTestCases.VendorAccountCreation">
    <ignored/>
  </testcase> <!-- viewVendorActivationHistory -->
  <testcase name="activateVendor" time="0.0" classname="CACTestCases.VendorAccountCreation">
    <ignored/>
  </testcase> <!-- activateVendor -->
</testsuite> <!-- test2 -->
